shared/build/intermediates/manifest_merge_blame_file/debug/processDebugManifest/manifest-merger-blame-debug-report.txt
1<?xml version="1.0" encoding="utf-8"?>
2<manifest xmlns:android="http://schemas.android.com/apk/res/android"
3    package="com.fitgymtrack.app" >
4
5    <uses-sdk android:minSdkVersion="24" />
6    <!-- Shared library manifest - minimal permissions and configuration -->
7
8
9    <!-- Internet permission for API calls -->
10    <uses-permission android:name="android.permission.INTERNET" />
10-->src\androidMain\AndroidManifest.xml:6:5-67
10-->src\androidMain\AndroidManifest.xml:6:22-64
11
12    <!-- Storage permissions for file attachments -->
13    <uses-permission android:name="android.permission.READ_EXTERNAL_STORAGE" />
13-->src\androidMain\AndroidManifest.xml:9:5-80
13-->src\androidMain\AndroidManifest.xml:9:22-77
14    <uses-permission android:name="android.permission.WRITE_EXTERNAL_STORAGE" />
14-->src\androidMain\AndroidManifest.xml:10:5-81
14-->src\androidMain\AndroidManifest.xml:10:22-78
15
16    <!-- Camera permission for feedback attachments -->
17    <uses-permission android:name="android.permission.CAMERA" />
17-->src\androidMain\AndroidManifest.xml:13:5-65
17-->src\androidMain\AndroidManifest.xml:13:22-62
18
19    <!-- Vibration for workout notifications -->
20    <uses-permission android:name="android.permission.VIBRATE" />
20-->src\androidMain\AndroidManifest.xml:16:5-66
20-->src\androidMain\AndroidManifest.xml:16:22-63
21
22    <!-- Wake lock for active workout screen -->
23    <uses-permission android:name="android.permission.WAKE_LOCK" />
23-->src\androidMain\AndroidManifest.xml:19:5-68
23-->src\androidMain\AndroidManifest.xml:19:22-65
24
25    <!-- Notification permissions (Android 13+) -->
26    <uses-permission android:name="android.permission.POST_NOTIFICATIONS" />
26-->src\androidMain\AndroidManifest.xml:22:5-77
26-->src\androidMain\AndroidManifest.xml:22:22-74
27
28</manifest>